<?xml version="1.0" encoding="UTF-8"?>
<!-- Generated by org.testng.reporters.JUnitXMLReporter -->
<testsuite ignored="1" hostname="Rudmila" failures="0" tests="2" name="Test Basics 1" time="0.049" errors="0" timestamp="2022-07-22T10:00:30 EDT">
  <testcase classname="Test.TestNgTutorial" name="verifyTest" time="0.004"/>
  <testcase classname="Test.TestNgTutorial" name="verifyTest" time="0.001"/>
  <testcase classname="Test.TestNgTutorial" name="verifyTest1" time="0.0">
    <ignored/>
  </testcase> <!-- verifyTest1 -->
</testsuite> <!-- Test Basics 1 -->
