<?xml version="1.0" encoding="UTF-8"?>
<testng-results ignored="1" total="2" passed="1" failed="0" skipped="0">
  <reporter-output>
  </reporter-output>
  <suite started-at="2022-08-02T10:27:17 EDT" name="Default suite" finished-at="2022-08-02T10:27:25 EDT" duration-ms="8434">
    <groups>
    </groups>
    <test started-at="2022-08-02T10:27:17 EDT" name="Default test" finished-at="2022-08-02T10:27:25 EDT" duration-ms="8434">
      <class name="Test.VerifyLoginPage">
        <test-method is-config="true" signature="beforeMethod()[pri:0, instance:Test.VerifyLoginPage@ea6147e]" started-at="2022-08-02T10:27:17 EDT" name="beforeMethod" finished-at="2022-08-02T10:27:21 EDT" duration-ms="3512" status="PASS">
          <reporter-output>
          </reporter-output>
        </test-method> <!-- beforeMethod -->
        <test-method signature="verifyErrorCreateAnAccountWithValidEmailIdAlreadyExist()[pri:0, instance:Test.VerifyLoginPage@ea6147e]" started-at="2022-08-02T10:27:21 EDT" name="verifyErrorCreateAnAccountWithValidEmailIdAlreadyExist" finished-at="2022-08-02T10:27:25 EDT" duration-ms="4245" status="PASS">
          <reporter-output>
          </reporter-output>
        </test-method> <!-- verifyErrorCreateAnAccountWithValidEmailIdAlreadyExist -->
        <test-method is-config="true" signature="afterMethod()[pri:0, instance:Test.VerifyLoginPage@ea6147e]" started-at="2022-08-02T10:27:25 EDT" name="afterMethod" finished-at="2022-08-02T10:27:25 EDT" duration-ms="648" status="PASS">
          <reporter-output>
          </reporter-output>
        </test-method> <!-- afterMethod -->
      </class> <!-- Test.VerifyLoginPage -->
    </test> <!-- Default test -->
  </suite> <!-- Default suite -->
</testng-results>
