<?xml version="1.0" encoding="UTF-8"?>
<!-- Generated by org.testng.reporters.JUnitXMLReporter -->
<testsuite ignored="1" hostname="Rudmila" failures="0" tests="1" name="Default test" time="8.434" errors="0" timestamp="2022-08-02T10:27:26 EDT">
  <testcase classname="Test.VerifyLoginPage" name="verifyErrorCreateAnAccountWithValidEmailIdAlreadyExist" time="4.245"/>
  <testcase classname="Test.VerifyLoginPage" name="verifyCreateAnAccountWithValidEmailId" time="0.0">
    <ignored/>
  </testcase> <!-- verifyCreateAnAccountWithValidEmailId -->
</testsuite> <!-- Default test -->
